<?xml version="1.0" encoding="UTF-8"?>
<!-- Generated by org.testng.reporters.JUnitReportReporter -->
<testsuite hostname="LAPTOP-SRPU678Q" failures="0" tests="1" name="com.qa.rest.test.GetCallBDD" time="2.080" errors="0" timestamp="2023-05-01T00:22:13 GMT-04:00" skipped="0">
  <testcase classname="com.qa.rest.test.GetCallBDD" name="test_numberofcircuitsFor2017_Season" time="2.080"/>
  <system-out/>
</testsuite> <!-- com.qa.rest.test.GetCallBDD -->
